============================= test session starts ==============================
platform linux -- Python 3.11.13, pytest-8.4.1, pluggy-1.6.0
rootdir: /workspaces/decentralized-did
configfile: pyproject.toml
plugins: hypothesis-6.140.3
collected 174 items

tests/biometrics/test_fuzzy_extractor_performance.py ..............      [  8%]
tests/biometrics/test_fuzzy_extractor_properties.py .............s...    [ 17%]
tests/biometrics/test_fuzzy_extractor_v2.py ........s................... [ 33%]
......................s.............s...                                 [ 56%]
tests/biometrics/test_quantization.py .................................. [ 76%]
.......................                                                  [ 89%]
tests/biometrics/test_quantization_fuzzy_integration.py ..............s. [ 98%]
..                                                                       [100%]

================== 169 passed, 5 skipped in 174.42s (0:02:54) ==================
